<?xml version="1.0" encoding="UTF-8"?>
<!-- Generated by org.testng.reporters.JUnitXMLReporter -->
<testsuite hostname="EC2AMAZ-J5GP1U8" ignored="0" name="Test" tests="1" failures="1" timestamp="2021-03-30T15:00:57 UTC" time="7.574" errors="0">
  <testcase name="verifyUserLoginWithCorrectCridentials" time="0.709" classname="com.guru99.tests.LoginTests">
    <failure type="java.lang.AssertionError" message="expected [Guru99 Bank Manager HomePge] but found [Guru99 Bank Manager HomePage]">
      <![CDATA[java.lang.AssertionError: expected [Guru99 Bank Manager HomePge] but found [Guru99 Bank Manager HomePage]
at com.guru99.tests.LoginTests.verifyUserLoginWithCorrectCridentials(LoginTests.java:26)
at java.util.ArrayList.forEach(Unknown Source)
... Removed 32 stack frames]]>
    </failure>
  </testcase> <!-- verifyUserLoginWithCorrectCridentials -->
</testsuite> <!-- Test -->
